2025-11-24 13:24:17,858 - INFO - Succesfully  read the YAML File 
2025-11-24 13:24:17,858 - INFO - Data ingestion started......
2025-11-24 13:24:17,858 - INFO - Starting Data Ingestion Process....
2025-11-24 13:24:17,901 - ERROR - Error while downloading data from GCP
2025-11-24 13:24:17,901 - ERROR - CustomException : Error in D:\MLOPS\MLOPS-2\src\data_ingestion.py , line 27 : Failed to download data
2025-11-24 13:24:17,901 - INFO - Data Ingestion DONE...
2025-11-24 13:25:28,038 - INFO - Succesfully  read the YAML File 
2025-11-24 13:25:28,039 - INFO - Data ingestion started......
2025-11-24 13:25:28,039 - INFO - Starting Data Ingestion Process....
2025-11-24 13:25:28,040 - ERROR - Error while downloading data from GCP
2025-11-24 13:25:28,040 - ERROR - CustomException : Error in D:\MLOPS\MLOPS-2\src\data_ingestion.py , line 27 : Failed to download data
2025-11-24 13:25:28,041 - INFO - Data Ingestion DONE...
2025-11-24 13:26:10,424 - INFO - Succesfully  read the YAML File 
2025-11-24 13:26:10,424 - INFO - Data Ingestion Started....
2025-11-24 13:26:10,424 - INFO - Starting Data Ingestion Process....
2025-11-24 13:26:10,425 - ERROR - Error while downloading data from GCP
2025-11-24 13:26:10,425 - ERROR - CustomException : Error in D:\MLOPS\MLOPS-2\src\data_ingestion.py , line 24 : Failed to download data
2025-11-24 13:26:10,425 - INFO - Data Ingestion DONE...
2025-11-24 13:33:39,505 - INFO - Succesfully  read the YAML File 
2025-11-24 13:33:39,524 - INFO - Data Ingestion Started....
2025-11-24 13:33:39,524 - INFO - Starting Data Ingestion Process....
2025-11-24 13:33:39,529 - INFO - Data Ingestion DONE...
2025-11-24 13:34:40,370 - INFO - Succesfully  read the YAML File 
2025-11-24 13:34:40,370 - INFO - Data Ingestion Started....
2025-11-24 13:34:40,370 - INFO - Starting Data Ingestion Process....
2025-11-24 13:34:40,372 - ERROR - Original Error: File D:\MLOPS\mlops-new-478508-f67747767789.json was not found.
2025-11-24 13:34:40,372 - ERROR - CustomException : Error in D:\MLOPS\MLOPS-2\src\data_ingestion.py , line 26 : File D:\MLOPS\mlops-new-478508-f67747767789.json was not found.
2025-11-24 13:34:40,372 - INFO - Data Ingestion DONE...
2025-11-24 13:44:13,014 - INFO - Succesfully  read the YAML File 
2025-11-24 13:44:13,014 - INFO - Data Ingestion Started....
2025-11-24 13:44:13,014 - INFO - Starting Data Ingestion Process....
2025-11-24 13:44:13,014 - ERROR - Error while downloading data from GCP
2025-11-24 13:44:13,014 - ERROR - CustomException : Error in D:\MLOPS\MLOPS-2\src\data_ingestion.py , line 26 : Failed to download data
2025-11-24 13:44:13,014 - INFO - Data Ingestion DONE...
2025-11-24 13:45:17,369 - INFO - Succesfully  read the YAML File 
2025-11-24 13:45:17,369 - INFO - Data Ingestion Started....
2025-11-24 13:45:17,369 - INFO - Starting Data Ingestion Process....
2025-11-24 13:45:17,370 - ERROR - Error while downloading data from GCP
2025-11-24 13:45:17,370 - ERROR - CustomException : Error in D:\MLOPS\MLOPS-2\src\data_ingestion.py , line 26 : Failed to download data
2025-11-24 13:45:17,370 - INFO - Data Ingestion DONE...
2025-11-24 14:15:14,964 - INFO - Succesfully  read the YAML File 
2025-11-24 14:15:14,975 - INFO - Data Ingestion Started....
2025-11-24 14:15:14,975 - INFO - Starting Data Ingestion Process....
2025-11-24 14:15:14,984 - ERROR - Original Error: File D:\MLOPS\mlops-new-478508-f67747767789.json was not found.
2025-11-24 14:15:14,984 - ERROR - CustomException : Error in D:\MLOPS\MLOPS-2\src\data_ingestion.py , line 26 : File D:\MLOPS\mlops-new-478508-f67747767789.json was not found.
2025-11-24 14:15:14,984 - INFO - Data Ingestion DONE...
2025-11-24 14:18:57,000 - INFO - Succesfully  read the YAML File 
2025-11-24 14:18:57,000 - INFO - Data Ingestion Started....
2025-11-24 14:18:57,000 - INFO - Starting Data Ingestion Process....
2025-11-24 14:18:57,000 - ERROR - Original Error: File D:\MLOPS\mlops-new-478508-f67747767789.json was not found.
2025-11-24 14:18:57,000 - ERROR - CustomException : Error in D:\MLOPS\MLOPS-2\src\data_ingestion.py , line 26 : File D:\MLOPS\mlops-new-478508-f67747767789.json was not found.
2025-11-24 14:18:57,045 - INFO - Data Ingestion DONE...
2025-11-24 14:26:15,782 - INFO - Succesfully  read the YAML File 
2025-11-24 14:26:15,791 - INFO - Data Ingestion Started....
2025-11-24 14:26:15,791 - INFO - Starting Data Ingestion Process....
2025-11-24 14:26:15,793 - ERROR - Original Error: File D:\MLOPS\mlops-new-478508-f67747767789.json was not found.
2025-11-24 14:26:15,793 - ERROR - CustomException : Error in D:\MLOPS\MLOPS-2\src\data_ingestion.py , line 26 : File D:\MLOPS\mlops-new-478508-f67747767789.json was not found.
2025-11-24 14:26:15,793 - INFO - Data Ingestion DONE...
2025-11-24 14:30:52,687 - INFO - Succesfully  read the YAML File 
2025-11-24 14:30:52,710 - INFO - Data Ingestion Started....
2025-11-24 14:30:52,710 - INFO - Starting Data Ingestion Process....
2025-11-24 14:30:52,743 - ERROR - Original Error: File D:\MLOPS\mlops-new-478508-f67747767789.json was not found.
2025-11-24 14:30:52,743 - ERROR - CustomException : Error in D:\MLOPS\MLOPS-2\src\data_ingestion.py , line 26 : File D:\MLOPS\mlops-new-478508-f67747767789.json was not found.
2025-11-24 14:30:52,744 - INFO - Data Ingestion DONE...
2025-11-24 17:17:18,660 - INFO - Succesfully  read the YAML File 
2025-11-24 17:17:18,684 - INFO - Data Ingestion Started....
2025-11-24 17:17:18,685 - INFO - Starting Data Ingestion Process....
2025-11-24 17:17:18,704 - ERROR - Original Error: File D:\MLOPS\mlops-new-478508-f67747767789.json was not found.
2025-11-24 17:17:18,704 - ERROR - CustomException : Error in D:\MLOPS\MLOPS-2\src\data_ingestion.py , line 26 : File D:\MLOPS\mlops-new-478508-f67747767789.json was not found.
2025-11-24 17:17:18,704 - INFO - Data Ingestion DONE...
2025-11-24 17:32:29,813 - INFO - Succesfully  read the YAML File 
2025-11-24 17:32:29,813 - INFO - Data Ingestion Started....
2025-11-24 17:32:29,813 - INFO - Starting Data Ingestion Process....
2025-11-24 17:32:29,831 - ERROR - Original Error: File D:\MLOPS\mlops-new-478508-f67747767789.json was not found.
2025-11-24 17:32:29,831 - ERROR - CustomException : Error in D:\MLOPS\MLOPS-2\src\data_ingestion.py , line 26 : File D:\MLOPS\mlops-new-478508-f67747767789.json was not found.
2025-11-24 17:32:29,831 - INFO - Data Ingestion DONE...
2025-11-24 17:39:07,168 - INFO - Succesfully  read the YAML File 
2025-11-24 17:39:07,169 - INFO - Data Ingestion Started....
2025-11-24 17:39:07,169 - INFO - Starting Data Ingestion Process....
2025-11-24 17:39:07,170 - ERROR - Original Error: File D:\MLOPS\mlops-new-478508-f67747767789.json was not found.
2025-11-24 17:39:07,170 - ERROR - CustomException : Error in D:\MLOPS\MLOPS-2\src\data_ingestion.py , line 26 : File D:\MLOPS\mlops-new-478508-f67747767789.json was not found.
2025-11-24 17:39:07,170 - INFO - Data Ingestion DONE...
2025-11-24 17:59:18,124 - INFO - Succesfully  read the YAML File 
2025-11-24 17:59:18,125 - INFO - Data Ingestion Started....
2025-11-24 17:59:18,125 - INFO - Starting Data Ingestion Process....
2025-11-24 17:59:30,192 - ERROR - Original Error: Your default credentials were not found. To set up Application Default Credentials, see https://cloud.google.com/docs/authentication/external/set-up-adc for more information.
2025-11-24 17:59:30,192 - ERROR - CustomException : Error in D:\MLOPS\MLOPS-2\src\data_ingestion.py , line 26 : Your default credentials were not found. To set up Application Default Credentials, see https://cloud.google.com/docs/authentication/external/set-up-adc for more information.
2025-11-24 17:59:30,192 - INFO - Data Ingestion DONE...
2025-11-24 18:05:18,050 - INFO - Succesfully  read the YAML File 
2025-11-24 18:05:18,072 - INFO - Data Ingestion Started....
2025-11-24 18:05:18,072 - INFO - Starting Data Ingestion Process....
2025-11-24 18:05:18,073 - ERROR - Original Error: [Errno 2] No such file or directory: 'D:\\MLOPS\\mlops-new-478508-534aca6ab230.json'
2025-11-24 18:05:18,073 - ERROR - CustomException : Error in D:\MLOPS\MLOPS-2\src\data_ingestion.py , line 26 : [Errno 2] No such file or directory: 'D:\\MLOPS\\mlops-new-478508-534aca6ab230.json'
2025-11-24 18:05:18,091 - INFO - Data Ingestion DONE...
2025-11-24 18:06:14,345 - INFO - Succesfully  read the YAML File 
2025-11-24 18:06:14,345 - INFO - Data Ingestion Started....
2025-11-24 18:06:14,346 - INFO - Starting Data Ingestion Process....
2025-11-24 18:06:19,392 - INFO - Downloaded smaller file: anime.csv
2025-11-24 18:06:21,163 - INFO - Downloaded smaller file: anime_with_synopsis.csv
2025-11-24 18:10:37,752 - INFO - Large file detected — Only 5M rows downloaded.
2025-11-24 18:10:37,769 - INFO - Data Ingestion Completed...
2025-11-24 18:10:37,769 - INFO - Data Ingestion DONE...
