2025-11-27 10:47:06,481 - WARNING - From D:\MLOPS\MLOPS-2\venv\lib\site-packages\keras\src\losses.py:2976: The name tf.losses.sparse_softmax_cross_entropy is deprecated. Please use tf.compat.v1.losses.sparse_softmax_cross_entropy instead.

2025-11-27 11:09:36,266 - INFO - MOdel Training initialized..
2025-11-27 11:09:37,541 - INFO - Data loaded successfully for model
2025-11-27 11:09:37,642 - ERROR - BaseModel.__init__() got an unexpected keyword argument 'config'
2025-11-27 11:10:41,067 - INFO - MOdel Training initialized..
2025-11-27 11:10:41,114 - INFO - Data loaded successfully for model
2025-11-27 11:10:41,163 - INFO - Succesfully  read the YAML File 
2025-11-27 11:10:41,163 - INFO - Loaded configuration from config.yaml
2025-11-27 11:10:42,034 - WARNING - From D:\MLOPS\MLOPS-2\venv\lib\site-packages\keras\src\backend.py:1398: The name tf.executing_eagerly_outside_functions is deprecated. Please use tf.compat.v1.executing_eagerly_outside_functions instead.

2025-11-27 11:10:43,515 - WARNING - From D:\MLOPS\MLOPS-2\venv\lib\site-packages\keras\src\optimizers\__init__.py:309: The name tf.train.Optimizer is deprecated. Please use tf.compat.v1.train.Optimizer instead.

2025-11-27 11:10:43,575 - INFO - Model created sucesfully....
2025-11-27 11:10:45,598 - WARNING - From D:\MLOPS\MLOPS-2\venv\lib\site-packages\keras\src\utils\tf_utils.py:492: The name tf.ragged.RaggedTensorValue is deprecated. Please use tf.compat.v1.ragged.RaggedTensorValue instead.

2025-11-27 11:10:46,145 - WARNING - From D:\MLOPS\MLOPS-2\venv\lib\site-packages\keras\src\engine\base_layer_utils.py:384: The name tf.executing_eagerly_outside_functions is deprecated. Please use tf.compat.v1.executing_eagerly_outside_functions instead.

2025-11-27 11:12:06,821 - INFO - Model Training Completed....
2025-11-27 11:12:07,080 - INFO - Model save to artifacts/model\model.h5
2025-11-27 11:12:07,099 - INFO - Extracting weights for user_embedding
2025-11-27 11:12:07,099 - INFO - Extracting weights for anime_embedding
2025-11-27 11:12:07,121 - INFO - User and Anime weights saved sucesfully....
2025-11-27 11:52:38,335 - INFO - MOdel Training & Comet ML initialized..
2025-11-27 11:52:43,804 - INFO - Data loaded successfully for model
2025-11-27 11:52:43,900 - INFO - Succesfully  read the YAML File 
2025-11-27 11:52:43,900 - INFO - Loaded configuration from config.yaml
2025-11-27 11:52:46,209 - WARNING - From D:\MLOPS\MLOPS-2\venv\lib\site-packages\keras\src\backend.py:1398: The name tf.executing_eagerly_outside_functions is deprecated. Please use tf.compat.v1.executing_eagerly_outside_functions instead.

2025-11-27 11:52:47,835 - WARNING - From D:\MLOPS\MLOPS-2\venv\lib\site-packages\keras\src\optimizers\__init__.py:309: The name tf.train.Optimizer is deprecated. Please use tf.compat.v1.train.Optimizer instead.

2025-11-27 11:52:47,873 - INFO - Model created sucesfully....
2025-11-27 11:52:49,667 - WARNING - From D:\MLOPS\MLOPS-2\venv\lib\site-packages\keras\src\utils\tf_utils.py:492: The name tf.ragged.RaggedTensorValue is deprecated. Please use tf.compat.v1.ragged.RaggedTensorValue instead.

2025-11-27 11:52:50,287 - WARNING - From D:\MLOPS\MLOPS-2\venv\lib\site-packages\keras\src\engine\base_layer_utils.py:384: The name tf.executing_eagerly_outside_functions is deprecated. Please use tf.compat.v1.executing_eagerly_outside_functions instead.

2025-11-27 11:54:28,287 - INFO - Model Training Completed....
2025-11-27 11:54:28,287 - ERROR - CustomException.__init__() missing 1 required positional argument: 'error_detail'
2025-11-27 12:11:04,111 - INFO - MOdel Training & Comet ML initialized..
2025-11-27 12:11:06,707 - INFO - Data loaded successfully for model
2025-11-27 12:11:06,849 - INFO - Succesfully  read the YAML File 
2025-11-27 12:11:06,849 - INFO - Loaded configuration from config.yaml
2025-11-27 12:11:08,717 - WARNING - From D:\MLOPS\MLOPS-2\venv\lib\site-packages\keras\src\backend.py:1398: The name tf.executing_eagerly_outside_functions is deprecated. Please use tf.compat.v1.executing_eagerly_outside_functions instead.

2025-11-27 12:11:10,084 - WARNING - From D:\MLOPS\MLOPS-2\venv\lib\site-packages\keras\src\optimizers\__init__.py:309: The name tf.train.Optimizer is deprecated. Please use tf.compat.v1.train.Optimizer instead.

2025-11-27 12:11:10,154 - INFO - Model created sucesfully....
2025-11-27 12:11:11,844 - WARNING - From D:\MLOPS\MLOPS-2\venv\lib\site-packages\keras\src\utils\tf_utils.py:492: The name tf.ragged.RaggedTensorValue is deprecated. Please use tf.compat.v1.ragged.RaggedTensorValue instead.

2025-11-27 12:11:12,456 - WARNING - From D:\MLOPS\MLOPS-2\venv\lib\site-packages\keras\src\engine\base_layer_utils.py:384: The name tf.executing_eagerly_outside_functions is deprecated. Please use tf.compat.v1.executing_eagerly_outside_functions instead.

2025-11-27 12:12:37,866 - INFO - Model training Completedd.....
2025-11-27 12:12:38,289 - INFO - Model save to artifacts/model\model.h5
2025-11-27 12:12:38,289 - ERROR - 'ModelTraining' object has no attribute 'extract_weights'
2025-11-27 12:12:38,289 - ERROR - Error in D:\MLOPS\MLOPS-2\src\model_training.py , line 115 : Error during saving model and weights Process
2025-11-27 12:19:44,723 - INFO - MOdel Training & Comet ML initialized..
2025-11-27 12:19:47,246 - INFO - Data loaded successfully for model
2025-11-27 12:19:47,325 - INFO - Succesfully  read the YAML File 
2025-11-27 12:19:47,325 - INFO - Loaded configuration from config.yaml
2025-11-27 12:19:47,784 - WARNING - From D:\MLOPS\MLOPS-2\venv\lib\site-packages\keras\src\backend.py:1398: The name tf.executing_eagerly_outside_functions is deprecated. Please use tf.compat.v1.executing_eagerly_outside_functions instead.

2025-11-27 12:19:48,024 - WARNING - From D:\MLOPS\MLOPS-2\venv\lib\site-packages\keras\src\optimizers\__init__.py:309: The name tf.train.Optimizer is deprecated. Please use tf.compat.v1.train.Optimizer instead.

2025-11-27 12:19:48,072 - INFO - Model created sucesfully....
2025-11-27 12:19:48,634 - WARNING - From D:\MLOPS\MLOPS-2\venv\lib\site-packages\keras\src\utils\tf_utils.py:492: The name tf.ragged.RaggedTensorValue is deprecated. Please use tf.compat.v1.ragged.RaggedTensorValue instead.

2025-11-27 12:19:48,990 - WARNING - From D:\MLOPS\MLOPS-2\venv\lib\site-packages\keras\src\engine\base_layer_utils.py:384: The name tf.executing_eagerly_outside_functions is deprecated. Please use tf.compat.v1.executing_eagerly_outside_functions instead.

2025-11-27 12:21:11,397 - INFO - Model training Completedd.....
2025-11-27 12:21:11,735 - INFO - Model save to artifacts/model\model.h5
2025-11-27 12:21:11,779 - INFO - Extracting weights for user_embedding
2025-11-27 12:21:11,790 - INFO - Extracting weights for anime_embedding
2025-11-27 12:21:11,948 - INFO - User and Anime weights saved sucesfully....
2025-11-27 12:27:04,625 - INFO - MOdel Training & Comet ML initialized..
2025-11-27 12:27:06,788 - INFO - Data loaded successfully for model
2025-11-27 12:27:06,888 - INFO - Succesfully  read the YAML File 
2025-11-27 12:27:06,888 - INFO - Loaded configuration from config.yaml
2025-11-27 12:27:07,146 - WARNING - From D:\MLOPS\MLOPS-2\venv\lib\site-packages\keras\src\backend.py:1398: The name tf.executing_eagerly_outside_functions is deprecated. Please use tf.compat.v1.executing_eagerly_outside_functions instead.

2025-11-27 12:27:07,500 - WARNING - From D:\MLOPS\MLOPS-2\venv\lib\site-packages\keras\src\optimizers\__init__.py:309: The name tf.train.Optimizer is deprecated. Please use tf.compat.v1.train.Optimizer instead.

2025-11-27 12:27:07,544 - INFO - Model created sucesfully....
2025-11-27 12:27:10,310 - WARNING - From D:\MLOPS\MLOPS-2\venv\lib\site-packages\keras\src\utils\tf_utils.py:492: The name tf.ragged.RaggedTensorValue is deprecated. Please use tf.compat.v1.ragged.RaggedTensorValue instead.

2025-11-27 12:27:10,724 - WARNING - From D:\MLOPS\MLOPS-2\venv\lib\site-packages\keras\src\engine\base_layer_utils.py:384: The name tf.executing_eagerly_outside_functions is deprecated. Please use tf.compat.v1.executing_eagerly_outside_functions instead.

2025-11-27 12:28:35,183 - INFO - Model training Completedd.....
2025-11-27 12:28:35,393 - INFO - Model save to artifacts/model\model.h5
2025-11-27 12:28:35,400 - INFO - Extracting weights for user_embedding
2025-11-27 12:28:35,411 - INFO - Extracting weights for anime_embedding
2025-11-27 12:28:35,498 - INFO - User and Anime weights saved sucesfully....
2025-11-27 13:18:15,841 - WARNING - From D:\MLOPS\MLOPS-2\venv\lib\site-packages\keras\src\losses.py:2976: The name tf.losses.sparse_softmax_cross_entropy is deprecated. Please use tf.compat.v1.losses.sparse_softmax_cross_entropy instead.

2025-11-27 13:18:19,400 - INFO - Data processing Initialized
2025-11-27 13:18:20,781 - INFO - Data loaded sucesfully for Data Processing
2025-11-27 13:18:21,135 - INFO - Filtered users sucesfully...
2025-11-27 13:18:22,307 - INFO - Scalind done for Processing 
2025-11-27 13:18:22,592 - INFO - Encoding done for Users and Anime
2025-11-27 13:18:23,404 - INFO - Data splitted sucesfullyy
2025-11-27 13:18:23,490 - INFO - user2user_encoded saved sucesfully in processed directory
2025-11-27 13:18:23,555 - INFO - user2user_decoded saved sucesfully in processed directory
2025-11-27 13:18:23,624 - INFO - anim2anime_encoded saved sucesfully in processed directory
2025-11-27 13:18:23,678 - INFO - anim2anime_decoded saved sucesfully in processed directory
2025-11-27 13:18:29,491 - INFO - ALl the training testing data as well as rating_df is saved now..
2025-11-27 13:18:38,437 - INFO - DF AND SYNOPSIS_Df saved sucesfullyy...
2025-11-27 13:18:38,440 - INFO - Data Processing Pipeline Run sucesfully .... Congrats
2025-11-27 13:18:47,650 - INFO - MOdel Training & Comet ML initialized..
2025-11-27 13:18:47,740 - INFO - Data loaded successfully for model
2025-11-27 13:18:47,782 - INFO - Succesfully read the YAML file
2025-11-27 13:18:47,782 - INFO - Loaded configuration from config.yaml
2025-11-27 13:18:49,956 - WARNING - From D:\MLOPS\MLOPS-2\venv\lib\site-packages\keras\src\backend.py:1398: The name tf.executing_eagerly_outside_functions is deprecated. Please use tf.compat.v1.executing_eagerly_outside_functions instead.

2025-11-27 13:18:52,382 - WARNING - From D:\MLOPS\MLOPS-2\venv\lib\site-packages\keras\src\optimizers\__init__.py:309: The name tf.train.Optimizer is deprecated. Please use tf.compat.v1.train.Optimizer instead.

2025-11-27 13:18:52,413 - INFO - Model created sucesfully....
2025-11-27 13:18:55,165 - WARNING - From D:\MLOPS\MLOPS-2\venv\lib\site-packages\keras\src\utils\tf_utils.py:492: The name tf.ragged.RaggedTensorValue is deprecated. Please use tf.compat.v1.ragged.RaggedTensorValue instead.

2025-11-27 13:18:55,666 - WARNING - From D:\MLOPS\MLOPS-2\venv\lib\site-packages\keras\src\engine\base_layer_utils.py:384: The name tf.executing_eagerly_outside_functions is deprecated. Please use tf.compat.v1.executing_eagerly_outside_functions instead.

2025-11-27 13:20:19,414 - INFO - Model training Completedd.....
2025-11-27 13:20:19,728 - INFO - Model save to artifacts/model\model.h5
2025-11-27 13:20:19,758 - INFO - Extracting weights for user_embedding
2025-11-27 13:20:19,768 - INFO - Extracting weights for anime_embedding
2025-11-27 13:20:19,819 - INFO - User and Anime weights saved sucesfully....
